2021-03-29 01:05:39 ERROR Main:24 - java.lang.NullPointerException
2021-03-29 01:13:51 ERROR Main:24 - java.lang.NullPointerException
2021-03-29 01:15:18 ERROR Main:24 - java.lang.NullPointerException
2021-03-29 01:17:58 ERROR Main:24 - java.lang.NullPointerException
2021-03-29 01:20:26 ERROR Main:24 - java.lang.NullPointerException
2021-03-29 01:53:31 ERROR Main:28 - java.io.FileNotFoundException: .\data\csv\order.csv (Системе не удается найти указанный путь)
2021-03-29 01:54:17 ERROR Main:28 - java.io.FileNotFoundException: .\data\csv\order.csv (Системе не удается найти указанный путь)
2021-03-29 01:55:23 ERROR Main:28 - java.lang.IllegalStateException: Both mapping strategy and CSVReader/Reader must be specified!
2021-03-29 02:19:01 ERROR Main:28 - java.lang.IllegalStateException: Both mapping strategy and CSVReader/Reader must be specified!
2021-03-29 02:19:47 ERROR Main:28 - java.lang.IllegalStateException: Both mapping strategy and CSVReader/Reader must be specified!
2021-04-01 21:55:16 ERROR Main:28 - java.io.FileNotFoundException: csvServer (Не удается найти указанный файл)
2021-04-01 21:58:55 ERROR Main:28 - java.io.FileNotFoundException: csvServer (Не удается найти указанный файл)
2021-04-01 22:00:48 ERROR Main:28 - java.io.FileNotFoundException: csvServer (Не удается найти указанный файл)
2021-04-01 22:02:57 INFO  Main:25 - null
2021-04-01 23:37:01 ERROR Main:29 - java.lang.RuntimeException: Error parsing CSV line: 2, values: null
2021-04-01 23:37:54 ERROR Main:29 - java.lang.RuntimeException: Error parsing CSV line: 3, values: null
2021-04-01 23:38:41 ERROR Main:29 - java.lang.RuntimeException: Error parsing CSV line: 3, values: null
2021-04-01 23:39:34 ERROR Main:29 - java.lang.RuntimeException: Error parsing CSV line: 3, values: null
2021-04-01 23:59:49 ERROR Main:29 - java.io.FileNotFoundException: csvServer (Не удается найти указанный файл)
2021-04-02 00:01:42 ERROR Main:29 - java.lang.RuntimeException: Error parsing CSV line: 3, values: null
2021-04-02 00:04:26 ERROR Main:29 - java.lang.RuntimeException: Error parsing CSV line: 2, values: null
2021-04-02 00:04:34 ERROR Main:29 - java.lang.RuntimeException: Error parsing CSV line: 1, values: null
2021-04-02 00:04:59 ERROR Main:29 - java.lang.RuntimeException: Error parsing CSV line: 2, values: null
2021-04-02 00:05:12 ERROR Main:29 - java.lang.RuntimeException: Error parsing CSV line: 2, values: null
2021-04-02 00:05:38 ERROR Main:29 - java.lang.RuntimeException: Error parsing CSV line: 2, values: null
2021-04-02 00:23:49 ERROR Main:29 - java.lang.RuntimeException: Error parsing CSV line: 2, values: null
2021-04-02 01:04:18 ERROR Main:29 - java.lang.RuntimeException: Error parsing CSV line: 2, values: null
2021-04-02 01:04:39 ERROR Main:29 - java.lang.RuntimeException: Error parsing CSV line: 2, values: null
2021-04-02 12:50:39 ERROR Main:27 - java.lang.RuntimeException: Error parsing CSV line: 2, values: null
2021-04-02 12:53:03 ERROR Main:27 - java.lang.RuntimeException: Error parsing CSV.
2021-04-02 12:55:20 ERROR Main:27 - java.lang.RuntimeException: Error parsing CSV.
2021-04-02 13:02:10 ERROR Main:28 - java.lang.RuntimeException: Error parsing CSV.
2021-04-02 13:03:38 ERROR Main:28 - java.lang.RuntimeException: Error parsing CSV.
2021-04-02 13:04:14 ERROR Main:28 - java.lang.RuntimeException: Error parsing CSV.
2021-04-02 13:05:57 ERROR Main:28 - java.lang.RuntimeException: Error parsing CSV.
2021-04-02 13:09:34 ERROR Main:26 - java.lang.RuntimeException: Error parsing CSV.
2021-04-02 13:11:01 ERROR Main:26 - java.lang.RuntimeException: Error parsing CSV.
2021-04-02 13:13:13 INFO  Main:23 - null
2021-04-02 13:13:26 INFO  Main:23 - null
2021-04-02 13:15:20 ERROR Main:26 - java.lang.RuntimeException: Error parsing CSV.
2021-04-02 13:15:59 INFO  Main:23 - null
2021-04-02 13:20:12 ERROR Main:26 - java.lang.RuntimeException: Error parsing CSV.
2021-04-02 13:20:36 INFO  Main:23 - null
2021-04-02 13:21:11 ERROR Main:26 - java.lang.RuntimeException: Error parsing CSV.
2021-04-02 13:21:25 INFO  Main:23 - null
2021-04-02 15:09:16 INFO  Main:23 - null
2021-04-02 15:48:38 INFO  Main:23 - null
2021-04-02 15:50:20 INFO  Main:23 - null
2021-04-02 17:45:03 INFO  Main:23 - null
2021-04-02 17:48:54 INFO  Main:23 - null
2021-04-02 17:50:11 INFO  Main:23 - null
2021-04-02 17:50:26 INFO  Main:23 - null
2021-04-02 17:58:16 INFO  Main:23 - null
2021-04-02 17:58:31 INFO  Main:23 - null
2021-04-02 17:58:41 INFO  Main:23 - null
2021-04-02 17:59:08 INFO  Main:23 - null
2021-04-02 17:59:27 INFO  Main:23 - null
2021-04-02 18:00:11 INFO  Main:23 - null
2021-04-02 18:03:36 INFO  Main:23 - null
2021-04-02 18:04:10 INFO  Main:23 - null
2021-04-02 18:10:27 INFO  Main:23 - null
2021-04-02 18:11:31 INFO  Main:23 - null
2021-04-02 18:12:18 INFO  Main:23 - null
2021-04-02 18:13:11 INFO  Main:23 - null
2021-04-02 18:13:23 INFO  Main:23 - null
2021-04-02 18:13:53 INFO  Main:23 - null
2021-04-02 18:21:20 ERROR Main:27 - java.lang.NullPointerException: Cannot invoke "ru.sfedu.FirstTry.entity.Server.setId(java.lang.Long)" because "found" is null
2021-04-02 18:25:54 ERROR Main:27 - java.lang.NullPointerException: Cannot invoke "ru.sfedu.FirstTry.entity.Server.setId(java.lang.Long)" because "found" is null
2021-04-02 21:08:16 ERROR Main:27 - java.lang.ArrayIndexOutOfBoundsException: Index 0 out of bounds for length 0
2021-04-02 21:08:39 ERROR Main:27 - java.lang.ArrayIndexOutOfBoundsException: Index 3 out of bounds for length 3
2021-04-02 21:08:49 INFO  Main:23 - ru.sfedu.FirstTry.entity.Server@5ace1ed4
